<?xml version="1.0" encoding="UTF-8"?>
<testsuite name="ParkingLotTest" tests="1" skipped="0" failures="0" errors="0" timestamp="2020-07-26T18:57:16" hostname="saurabh3250" time="27.085">
  <properties/>
  <testcase name="name" classname="ParkingLotTest" time="27.085"/>
  <system-out><![CDATA[]]></system-out>
  <system-err><![CDATA[]]></system-err>
</testsuite>
