<?xml version="1.0" encoding="UTF-8"?>
<testsuite name="ParkingLotTest" tests="1" skipped="0" failures="0" errors="0" timestamp="2020-07-26T15:57:34" hostname="saurabh3250" time="0.054">
  <properties/>
  <testcase name="givenRequestToGetVehicleParkedInLastGivenMinutes_IfVehicleFound_ShouldReturnListOfVehicles" classname="ParkingLotTest" time="0.054"/>
  <system-out><![CDATA[]]></system-out>
  <system-err><![CDATA[]]></system-err>
</testsuite>
