<?xml version="1.0" encoding="UTF-8"?>
<testsuite name="ParkingLotTest" tests="29" skipped="0" failures="0" errors="0" timestamp="2020-07-27T03:31:24" hostname="saurabh3250" time="0.222">
  <properties/>
  <testcase name="givenRequestToGetWhiteVehicleLocations_IfVehicleFound_ShouldReturnListWhichContainsSlotNumbers" classname="ParkingLotTest" time="0.025"/>
  <testcase name="givenAVehicle_IfNotPresentAndWantToUnParke_ShouldHandleException" classname="ParkingLotTest" time="0.012"/>
  <testcase name="givenRequestToGetWhiteVehicleLocations_IfSuchTypeOfVehicleNotFound_ShouldHandleException" classname="ParkingLotTest" time="0.007"/>
  <testcase name="givenVehicle_IfVehicleSizeIsLarge_ShouldAllocateHighestFreeSpace" classname="ParkingLotTest" time="0.014"/>
  <testcase name="givenRequestBasedOnColorAndMake_IfVehicleNotFound_ShouldHandleException" classname="ParkingLotTest" time="0.008"/>
  <testcase name="givenVehicle_IfVehicleDriverTypeIsHandicap_ShouldParkToNearestLot" classname="ParkingLotTest" time="0.003"/>
  <testcase name="givenVehicle_IfDriverTypeIsHandicap_ShouldParkToNearestLot" classname="ParkingLotTest" time="0.004"/>
  <testcase name="givenVehicle_IfAlreadyPresent_ShouldHandleException" classname="ParkingLotTest" time="0.003"/>
  <testcase name="givenVehicleDetails_IfVehicleIsNotParkedWhileCheckingForVehicleTiming_ShouldReturnHandleException" classname="ParkingLotTest" time="0.003"/>
  <testcase name="givenVehicleDetails_IfVehicleParked_ShouldParkEvenly" classname="ParkingLotTest" time="0.004"/>
  <testcase name="givenRequestToGetVehicleInfoByMake_IfVehicleFound_ShouldReturnDetailsOfThatVehicle" classname="ParkingLotTest" time="0.004"/>
  <testcase name="givenVehicle_CheckVehiclePresentOrNotIfParked_ShouldReturnParkingLotNumber" classname="ParkingLotTest" time="0.002"/>
  <testcase name="givenRequestBasedOnColorAndMake_IfVehicleFound_ShouldReturnMapOfDetails" classname="ParkingLotTest" time="0.008"/>
  <testcase name="givenVehicle_IfSpaceIsAvailable_ShouldUpdateParkingLotNumberNoToOwner" classname="ParkingLotTest" time="0.002"/>
  <testcase name="givenVehicle_IfParkingLotIsFull_ShouldHandleException" classname="ParkingLotTest" time="0.005"/>
  <testcase name="givenRequestToGetAllVehicleDetails_IfVehiclesFound_ShouldReturnAllVehicleDetails" classname="ParkingLotTest" time="0.005"/>
  <testcase name="givenVehicle_IfParkingLotIsFullInformToOwner_ShouldHandleException" classname="ParkingLotTest" time="0.002"/>
  <testcase name="givenRequestToGetAllSmallHandicapVehicleFromSelectedRow_IfVehicleNotFound_ShouldHandleException" classname="ParkingLotTest" time="0.005"/>
  <testcase name="givenVehicleDetails_IfVehicleAlreadyParked_ShouldHandleException" classname="ParkingLotTest" time="0.002"/>
  <testcase name="givenVehicleDetails_IfVehicleIsParkedAlready_ShouldReturnParkingTime" classname="ParkingLotTest" time="0.009"/>
  <testcase name="givenVehicle_IfParkingLotNowAvailable_ShouldReturnFalse" classname="ParkingLotTest" time="0.002"/>
  <testcase name="givenVehicle_AlreadyParkedAndWantsToAllocateLot_ShouldHandleException" classname="ParkingLotTest" time="0.003"/>
  <testcase name="givenRequestToGetVehicleParkedInLastGivenMinutes_IfVehicleFound_ShouldReturnListOfVehicles" classname="ParkingLotTest" time="0.005"/>
  <testcase name="givenRequestToGetVehicleInfoByMake_IfVehicleNotFound_ShouldHandleException" classname="ParkingLotTest" time="0.003"/>
  <testcase name="givenAVehicle_IfUnParked_ShouldReturnFalse" classname="ParkingLotTest" time="0.003"/>
  <testcase name="givenVehicle_IfParkingLotIsFullInformToAirportSecurity_ShouldHandleException" classname="ParkingLotTest" time="0.001"/>
  <testcase name="givenAVehicle_IfParked_ShouldReturnTrue" classname="ParkingLotTest" time="0.003"/>
  <testcase name="givenVehicle_CheckVehiclePresentOrNotIfNotParked_ShouldHandleException" classname="ParkingLotTest" time="0.002"/>
  <testcase name="givenRequestToGetAllSmallHandicapVehicleFromRowSelected_IfVehicleFound_ShouldReturnAllDetails" classname="ParkingLotTest" time="0.003"/>
  <system-out><![CDATA[]]></system-out>
  <system-err><![CDATA[]]></system-err>
</testsuite>
