<?xml version="1.0" encoding="UTF-8"?>
<testsuite name="ParkingLotTest" tests="1" skipped="1" failures="0" errors="0" timestamp="2020-07-26T19:12:50" hostname="saurabh3250" time="26.186">
  <properties/>
  <testcase name="givenVehicleDetails_IfVehicleIsParkedAlready_ShouldReturnParkingTime" classname="ParkingLotTest" time="26.186">
    <skipped/>
  </testcase>
  <system-out><![CDATA[]]></system-out>
  <system-err><![CDATA[]]></system-err>
</testsuite>
