<?xml version="1.0" encoding="UTF-8"?>
<testsuite name="ParkingLotTest" tests="1" skipped="0" failures="0" errors="0" timestamp="2020-07-26T17:42:39" hostname="saurabh3250" time="0.037">
  <properties/>
  <testcase name="givenRequestToGetAllVehicleDetails_IfVehiclesFound_ShouldReturnAllVehicleDetails" classname="ParkingLotTest" time="0.037"/>
  <system-out><![CDATA[]]></system-out>
  <system-err><![CDATA[]]></system-err>
</testsuite>
